-----------------------------------------------------------------------------

Input image     : /home/joao/AutoLensFit/simulations/fits_files/i/2587.fits[1:100,1:100] 
Init. par. file : ./2587/galfit.feedme 
Restart file    : galfit.01 
Output image    : ./2587/galfit_image.fits 

 sersic    : (   50.46,    47.50)   17.15     14.01    0.49   [1.00]   53.56
             (    0.06,     0.06)    0.00      0.05    0.01   [0.00] 179364.06
 sky       : [ 50.50,  50.50]  2.40e-01  [0.00e+00]  [0.00e+00]
                                3.18e-03  [0.00e+00]  [0.00e+00]
 Chi^2 = 9249.62530,  ndof = 9993
 Chi^2/nu = 0.926 

-----------------------------------------------------------------------------
-----------------------------------------------------------------------------

Input image     : /home/joao/AutoLensFit/simulations/fits_files/i/2654.fits[1:100,1:100] 
Init. par. file : ./2654/galfit.feedme 
Restart file    : galfit.02 
Output image    : ./2654/galfit_image.fits 

 sersic    : (   50.51,    50.49)   15.08    168.97    6.03   [1.00]   22.95
             (    0.01,     0.01)    0.18     42.53    0.35   [0.00] 294165.47
 sky       : [ 50.50,  50.50]  -2.33e-01  [0.00e+00]  [0.00e+00]
                                2.86e-02  [0.00e+00]  [0.00e+00]
 Chi^2 = 9219.31145,  ndof = 9993
 Chi^2/nu = 0.923 

-----------------------------------------------------------------------------
-----------------------------------------------------------------------------

Input image     : /home/joao/AutoLensFit/simulations/fits_files/i/107.fits[1:100,1:100] 
Init. par. file : ./107/galfit.feedme 
Restart file    : galfit.03 
Output image    : ./107/galfit_image.fits 

 sersic    : (   47.38,    52.33)   16.18     18.13    0.10   [1.00]   45.12
             (    0.10,     0.10)    0.01      0.06    0.00   [0.00] 217885.19
 sky       : [ 50.50,  50.50]  6.07e-01  [0.00e+00]  [0.00e+00]
                                2.47e-02  [0.00e+00]  [0.00e+00]
 Chi^2 = 29658.66135,  ndof = 9993
 Chi^2/nu = 2.968 

-----------------------------------------------------------------------------
-----------------------------------------------------------------------------

Input image     : /home/joao/AutoLensFit/simulations/fits_files/i/2414.fits[1:100,1:100] 
Init. par. file : ./2414/galfit.feedme 
Restart file    : galfit.04 
Output image    : ./2414/galfit_image.fits 

 sersic    : (   50.69,    48.74)   15.52     19.89    0.10   [1.00]   46.25
             (    0.18,     0.19)    0.02      0.11    0.01   [0.00] 369376.94
 sky       : [ 50.50,  50.50]     1.09  [0.00e+00]  [0.00e+00]
                                  0.07  [0.00e+00]  [0.00e+00]
 Chi^2 = 77330.22816,  ndof = 9993
 Chi^2/nu = 7.738 

-----------------------------------------------------------------------------
-----------------------------------------------------------------------------

Input image     : /home/joao/AutoLensFit/simulations/fits_files/i/1601.fits[1:100,1:100] 
Init. par. file : ./1601/galfit.feedme 
Restart file    : galfit.05 
Output image    : ./1601/galfit_image.fits 

 sersic    : (   50.84,    51.17)   16.55     18.33    0.14   [1.00]   -6.50
             (    0.11,     0.11)    0.01      0.06    0.00   [0.00] 229720.73
 sky       : [ 50.50,  50.50]  5.10e-01  [0.00e+00]  [0.00e+00]
                                1.54e-02  [0.00e+00]  [0.00e+00]
 Chi^2 = 17543.75135,  ndof = 9993
 Chi^2/nu = 1.756 

-----------------------------------------------------------------------------
-----------------------------------------------------------------------------

Input image     : /home/joao/AutoLensFit/simulations/fits_files/i/2465.fits[1:100,1:100] 
Init. par. file : ./2465/galfit.feedme 
Restart file    : galfit.06 
Output image    : ./2465/galfit_image.fits 

 sersic    : (   51.56,    50.76)   18.87     14.50    0.48   [1.00]   19.81
             (    0.09,     0.11)    0.01      0.08    0.01   [0.00] 291416.66
 sky       : [ 50.50,  50.50]  3.68e-02  [0.00e+00]  [0.00e+00]
                                9.37e-04  [0.00e+00]  [0.00e+00]
 Chi^2 = 6261.86844,  ndof = 9993
 Chi^2/nu = 0.627 

-----------------------------------------------------------------------------
-----------------------------------------------------------------------------

Input image     : /home/joao/AutoLensFit/simulations/fits_files/i/229.fits[1:100,1:100] 
Init. par. file : ./229/galfit.feedme 
Restart file    : galfit.07 
Output image    : ./229/galfit_image.fits 

 sersic    : (   54.40,    50.80)   15.62     16.03    0.21   [1.00]   -4.06
             (    0.09,     0.09)    0.01      0.06    0.00   [0.00] 235312.41
 sky       : [ 50.50,  50.50]  9.32e-01  [0.00e+00]  [0.00e+00]
                                3.15e-02  [0.00e+00]  [0.00e+00]
 Chi^2 = 37037.91867,  ndof = 9993
 Chi^2/nu = 3.706 

-----------------------------------------------------------------------------
-----------------------------------------------------------------------------

Input image     : /home/joao/AutoLensFit/simulations/fits_files/i/916.fits[1:100,1:100] 
Init. par. file : ./916/galfit.feedme 
Restart file    : galfit.08 
Output image    : ./916/galfit_image.fits 

 sersic    : (   49.51,    47.50)   17.69     13.06    0.32   [1.00]  -70.94
             (    0.06,     0.07)    0.01      0.04    0.01   [0.00] 190061.89
 sky       : [ 50.50,  50.50]  1.18e-01  [0.00e+00]  [0.00e+00]
                                1.96e-03  [0.00e+00]  [0.00e+00]
 Chi^2 = 11032.58363,  ndof = 9993
 Chi^2/nu = 1.104 

-----------------------------------------------------------------------------
-----------------------------------------------------------------------------

Input image     : /home/joao/AutoLensFit/simulations/fits_files/i/3022.fits[1:100,1:100] 
Init. par. file : ./3022/galfit.feedme 
Restart file    : galfit.09 
Output image    : ./3022/galfit_image.fits 

 sersic    : (   52.07,    48.81)   17.14     17.91    0.09   [1.00]  -29.66
             (    0.10,     0.09)    0.01      0.06    0.00   [0.00] 229896.28
 sky       : [ 50.50,  50.50]  2.34e-01  [0.00e+00]  [0.00e+00]
                                6.57e-03  [0.00e+00]  [0.00e+00]
 Chi^2 = 25983.73555,  ndof = 9993
 Chi^2/nu = 2.600 

-----------------------------------------------------------------------------
-----------------------------------------------------------------------------

Input image     : /home/joao/AutoLensFit/simulations/fits_files/i/1074.fits[1:100,1:100] 
Init. par. file : ./1074/galfit.feedme 
Restart file    : galfit.10 
Output image    : ./1074/galfit_image.fits 

 sersic    : (   51.38,    49.77)   16.30     16.90    0.14   [1.00]  -23.22
             (    0.14,     0.12)    0.01      0.08    0.01   [0.00] 319849.91
 sky       : [ 50.50,  50.50]  4.35e-01  [0.00e+00]  [0.00e+00]
                                2.37e-02  [0.00e+00]  [0.00e+00]
 Chi^2 = 71803.87441,  ndof = 9993
 Chi^2/nu = 7.185 

-----------------------------------------------------------------------------
-----------------------------------------------------------------------------

Input image     : /home/joao/AutoLensFit/simulations/fits_files/i/1745.fits[1:100,1:100] 
Init. par. file : ./1745/galfit.feedme 
Restart file    : galfit.11 
Output image    : ./1745/galfit_image.fits 

 sersic    : (   50.48,    50.24)   16.81     13.77    0.23   [1.00]   44.25
             (    0.06,     0.07)    0.01      0.04    0.00   [0.00] 193585.95
 sky       : [ 50.50,  50.50]  3.20e-01  [0.00e+00]  [0.00e+00]
                                4.94e-03  [0.00e+00]  [0.00e+00]
 Chi^2 = 21074.61548,  ndof = 9993
 Chi^2/nu = 2.109 

-----------------------------------------------------------------------------
-----------------------------------------------------------------------------

Input image     : /home/joao/AutoLensFit/simulations/fits_files/i/1085.fits[1:100,1:100] 
Init. par. file : ./1085/galfit.feedme 
Restart file    : galfit.12 
Output image    : ./1085/galfit_image.fits 

 sersic    : (   50.52,    50.44)   16.26      9.26    2.03   [1.00]   70.00
             (    0.01,     0.01)    0.01      0.08    0.02   [0.00] 144816.62
 sky       : [ 50.50,  50.50]  3.08e-01  [0.00e+00]  [0.00e+00]
                                6.21e-03  [0.00e+00]  [0.00e+00]
 Chi^2 = 8613.53920,  ndof = 9993
 Chi^2/nu = 0.862 

-----------------------------------------------------------------------------
-----------------------------------------------------------------------------

Input image     : /home/joao/AutoLensFit/simulations/fits_files/i/927.fits[1:100,1:100] 
Init. par. file : ./927/galfit.feedme 
Restart file    : galfit.13 
Output image    : ./927/galfit_image.fits 

 sersic    : (   49.85,    50.38)   16.89     18.30    0.20   [1.00]   21.53
             (    0.09,     0.10)    0.01      0.07    0.00   [0.00] 233057.45
 sky       : [ 50.50,  50.50]  2.81e-01  [0.00e+00]  [0.00e+00]
                                8.22e-03  [0.00e+00]  [0.00e+00]
 Chi^2 = 15675.01050,  ndof = 9993
 Chi^2/nu = 1.569 

-----------------------------------------------------------------------------
-----------------------------------------------------------------------------

Input image     : /home/joao/AutoLensFit/simulations/fits_files/i/1118.fits[1:100,1:100] 
Init. par. file : ./1118/galfit.feedme 
Restart file    : galfit.14 
Output image    : ./1118/galfit_image.fits 

 sersic    : (   50.94,    50.97)   17.09     18.50    0.35   [1.00]    6.25
             (    0.06,     0.06)    0.00      0.05    0.00   [0.00] 125922.59
 sky       : [ 50.50,  50.50]  2.71e-01  [0.00e+00]  [0.00e+00]
                                2.54e-03  [0.00e+00]  [0.00e+00]
 Chi^2 = 3560.94073,  ndof = 9993
 Chi^2/nu = 0.356 

-----------------------------------------------------------------------------
-----------------------------------------------------------------------------

Input image     : /home/joao/AutoLensFit/simulations/fits_files/i/643.fits[1:100,1:100] 
Init. par. file : ./643/galfit.feedme 
Restart file    : galfit.15 
Output image    : ./643/galfit_image.fits 

 sersic    : (   52.02,    48.55)   17.08     16.28    0.12   [1.00]  -89.28
             (    0.10,     0.10)    0.01      0.07    0.00   [0.00] 262964.03
 sky       : [ 50.50,  50.50]  2.15e-01  [0.00e+00]  [0.00e+00]
                                7.87e-03  [0.00e+00]  [0.00e+00]
 Chi^2 = 46600.90027,  ndof = 9993
 Chi^2/nu = 4.663 

-----------------------------------------------------------------------------
-----------------------------------------------------------------------------

Input image     : /home/joao/AutoLensFit/simulations/fits_files/i/4768.fits[1:100,1:100] 
Init. par. file : ./4768/galfit.feedme 
Restart file    : galfit.16 
Output image    : ./4768/galfit_image.fits 

 sersic    : (   50.23,    51.52)   16.95     15.54    0.20   [1.00]  -28.81
             (    0.08,     0.07)    0.01      0.04    0.00   [0.00] 181406.28
 sky       : [ 50.50,  50.50]  2.80e-01  [0.00e+00]  [0.00e+00]
                                4.31e-03  [0.00e+00]  [0.00e+00]
 Chi^2 = 16342.22426,  ndof = 9993
 Chi^2/nu = 1.635 

-----------------------------------------------------------------------------
-----------------------------------------------------------------------------

Input image     : /home/joao/AutoLensFit/simulations/fits_files/i/502.fits[1:100,1:100] 
Init. par. file : ./502/galfit.feedme 
Restart file    : galfit.17 
Output image    : ./502/galfit_image.fits 

 sersic    : (   50.44,    50.41)   13.89    194.85    4.76   [1.00]  -41.94
             (    0.03,     0.03)    0.24     54.01    0.31   [0.00] 300556.59
 sky       : [ 50.50,  50.50]    -1.14  [0.00e+00]  [0.00e+00]
                                  0.09  [0.00e+00]  [0.00e+00]
 Chi^2 = 23772.84089,  ndof = 9993
 Chi^2/nu = 2.379 

-----------------------------------------------------------------------------
-----------------------------------------------------------------------------

Input image     : /home/joao/AutoLensFit/simulations/fits_files/i/4067.fits[1:100,1:100] 
Init. par. file : ./4067/galfit.feedme 
Restart file    : galfit.18 
Output image    : ./4067/galfit_image.fits 

 sersic    : (   49.48,    51.74)   16.73     18.10    0.21   [1.00]   -1.00
             (    0.16,     0.14)    0.01      0.09    0.01   [0.00] 310528.66
 sky       : [ 50.50,  50.50]  3.52e-01  [0.00e+00]  [0.00e+00]
                                1.39e-02  [0.00e+00]  [0.00e+00]
 Chi^2 = 32342.51824,  ndof = 9993
 Chi^2/nu = 3.237 

-----------------------------------------------------------------------------
-----------------------------------------------------------------------------

Input image     : /home/joao/AutoLensFit/simulations/fits_files/i/334.fits[1:100,1:100] 
Init. par. file : ./334/galfit.feedme 
Restart file    : galfit.19 
Output image    : ./334/galfit_image.fits 

 sersic    : (   50.80,    50.62)   15.82     34.01    2.17   [1.00]  -80.38
             (    0.05,     0.04)    0.05      1.83    0.06   [0.00] 203682.03
 sky       : [ 50.50,  50.50]  -3.13e-01  [0.00e+00]  [0.00e+00]
                                2.79e-02  [0.00e+00]  [0.00e+00]
 Chi^2 = 10921.87223,  ndof = 9993
 Chi^2/nu = 1.093 

-----------------------------------------------------------------------------
-----------------------------------------------------------------------------

Input image     : /home/joao/AutoLensFit/simulations/fits_files/i/4685.fits[1:100,1:100] 
Init. par. file : ./4685/galfit.feedme 
Restart file    : galfit.20 
Output image    : ./4685/galfit_image.fits 

 sersic    : (   50.08,    48.72)   16.57     19.97    0.17   [1.00]  -64.38
             (    0.19,     0.17)    0.01      0.11    0.01   [0.00] 376868.84
 sky       : [ 50.50,  50.50]  4.72e-01  [0.00e+00]  [0.00e+00]
                                2.19e-02  [0.00e+00]  [0.00e+00]
 Chi^2 = 23721.68437,  ndof = 9993
 Chi^2/nu = 2.374 

-----------------------------------------------------------------------------
-----------------------------------------------------------------------------

Input image     : /home/joao/AutoLensFit/simulations/fits_files/i/394.fits[1:100,1:100] 
Init. par. file : ./394/galfit.feedme 
Restart file    : galfit.21 
Output image    : ./394/galfit_image.fits 

 sersic    : (   50.70,    50.96)   15.71     61.49    3.24   [1.00]   -3.30
             (    0.03,     0.04)    0.09      6.35    0.12   [0.00] 211724.25
 sky       : [ 50.50,  50.50]  -3.16e-01  [0.00e+00]  [0.00e+00]
                                2.34e-02  [0.00e+00]  [0.00e+00]
 Chi^2 = 9180.64734,  ndof = 9993
 Chi^2/nu = 0.919 

-----------------------------------------------------------------------------
-----------------------------------------------------------------------------

Input image     : /home/joao/AutoLensFit/simulations/fits_files/i/4843.fits[1:100,1:100] 
Init. par. file : ./4843/galfit.feedme 
Restart file    : galfit.22 
Output image    : ./4843/galfit_image.fits 

 sersic    : (   53.07,    51.25)   16.79     17.26    0.17   [1.00]   79.00
             (    0.08,     0.09)    0.01      0.05    0.00   [0.00] 180176.50
 sky       : [ 50.50,  50.50]  3.47e-01  [0.00e+00]  [0.00e+00]
                                7.38e-03  [0.00e+00]  [0.00e+00]
 Chi^2 = 16619.58936,  ndof = 9993
 Chi^2/nu = 1.663 

-----------------------------------------------------------------------------
-----------------------------------------------------------------------------

Input image     : /home/joao/AutoLensFit/simulations/fits_files/i/4867.fits[1:100,1:100] 
Init. par. file : ./4867/galfit.feedme 
Restart file    : galfit.23 
Output image    : ./4867/galfit_image.fits 

 sersic    : (   51.37,    49.72)   15.87     16.70    0.17   [1.00]  -72.08
             (    0.08,     0.08)    0.01      0.06    0.00   [0.00] 223682.75
 sky       : [ 50.50,  50.50]  9.20e-01  [0.00e+00]  [0.00e+00]
                                2.74e-02  [0.00e+00]  [0.00e+00]
 Chi^2 = 28475.87031,  ndof = 9993
 Chi^2/nu = 2.850 

-----------------------------------------------------------------------------
-----------------------------------------------------------------------------

Input image     : /home/joao/AutoLensFit/simulations/fits_files/i/1756.fits[1:100,1:100] 
Init. par. file : ./1756/galfit.feedme 
Restart file    : galfit.24 
Output image    : ./1756/galfit_image.fits 

 sersic    : (   50.51,    50.32)   15.06    384.72    4.51   [1.00]  -37.78
             (    0.05,     0.05)    0.43    175.53    0.44   [0.00] 275145.09
 sky       : [ 50.50,  50.50]  -2.59e-01  [0.00e+00]  [0.00e+00]
                                2.23e-02  [0.00e+00]  [0.00e+00]
 Chi^2 = 7156.77657,  ndof = 9993
 Chi^2/nu = 0.716 

-----------------------------------------------------------------------------
-----------------------------------------------------------------------------

Input image     : /home/joao/AutoLensFit/simulations/fits_files/i/2516.fits[1:100,1:100] 
Init. par. file : ./2516/galfit.feedme 
Restart file    : galfit.25 
Output image    : ./2516/galfit_image.fits 

 sersic    : (   51.58,    49.57)   17.13     15.90    0.33   [1.00]   73.22
             (    0.08,     0.09)    0.01      0.06    0.00   [0.00] 194281.31
 sky       : [ 50.50,  50.50]  2.46e-01  [0.00e+00]  [0.00e+00]
                                3.80e-03  [0.00e+00]  [0.00e+00]
 Chi^2 = 11229.48925,  ndof = 9993
 Chi^2/nu = 1.124 

-----------------------------------------------------------------------------
-----------------------------------------------------------------------------

Input image     : /home/joao/AutoLensFit/simulations/fits_files/i/3586.fits[1:100,1:100] 
Init. par. file : ./3586/galfit.feedme 
Restart file    : galfit.26 
Output image    : ./3586/galfit_image.fits 

 sersic    : (   49.25,    50.15)   14.86     15.90    0.10   [1.00]    0.19
             (    0.08,     0.07)    0.01      0.05    0.00   [0.00] 209377.78
 sky       : [ 50.50,  50.50]     1.80  [0.00e+00]  [0.00e+00]
                                  0.08  [0.00e+00]  [0.00e+00]
 Chi^2 = 95154.85841,  ndof = 9993
 Chi^2/nu = 9.522 

-----------------------------------------------------------------------------
-----------------------------------------------------------------------------

Input image     : /home/joao/AutoLensFit/simulations/fits_files/i/4316.fits[1:100,1:100] 
Init. par. file : ./4316/galfit.feedme 
Restart file    : galfit.27 
Output image    : ./4316/galfit_image.fits 

 sersic    : (   53.28,    47.62)   17.93     17.42    0.26   [1.00]   24.21
             (    0.08,     0.08)    0.01      0.06    0.00   [0.00] 192049.25
 sky       : [ 50.50,  50.50]  8.57e-02  [0.00e+00]  [0.00e+00]
                                1.95e-03  [0.00e+00]  [0.00e+00]
 Chi^2 = 7785.19099,  ndof = 9993
 Chi^2/nu = 0.779 

-----------------------------------------------------------------------------
-----------------------------------------------------------------------------

Input image     : /home/joao/AutoLensFit/simulations/fits_files/i/4967.fits[1:100,1:100] 
Init. par. file : ./4967/galfit.feedme 
Restart file    : galfit.28 
Output image    : ./4967/galfit_image.fits 

 sersic    : (   50.26,    50.55)   16.62     18.13    2.05   [1.00]  -55.94
             (    0.03,     0.02)    0.02      0.34    0.03   [0.00] 157862.66
 sky       : [ 50.50,  50.50]  9.55e-03  [0.00e+00]  [0.00e+00]
                                7.53e-03  [0.00e+00]  [0.00e+00]
 Chi^2 = 5846.46747,  ndof = 9993
 Chi^2/nu = 0.585 

-----------------------------------------------------------------------------
-----------------------------------------------------------------------------

Input image     : /home/joao/AutoLensFit/simulations/fits_files/i/2100.fits[1:100,1:100] 
Init. par. file : ./2100/galfit.feedme 
Restart file    : galfit.29 
Output image    : ./2100/galfit_image.fits 

 sersic    : (   47.67,    52.07)   17.18     11.41    0.46   [1.00]  -75.81
             (    0.06,     0.08)    0.01      0.06    0.01   [0.00] 288904.56
 sky       : [ 50.50,  50.50]  1.96e-01  [0.00e+00]  [0.00e+00]
                                4.46e-03  [0.00e+00]  [0.00e+00]
 Chi^2 = 26290.99723,  ndof = 9993
 Chi^2/nu = 2.631 

-----------------------------------------------------------------------------
-----------------------------------------------------------------------------

Input image     : /home/joao/AutoLensFit/simulations/fits_files/i/3600.fits[1:100,1:100] 
Init. par. file : ./3600/galfit.feedme 
Restart file    : galfit.30 
Output image    : ./3600/galfit_image.fits 

 sersic    : (   50.50,    50.58)   17.37     12.93    2.30   [1.00]   -3.52
             (    0.01,     0.02)    0.01      0.17    0.02   [0.00] 142632.88
 sky       : [ 50.50,  50.50]  6.75e-02  [0.00e+00]  [0.00e+00]
                                2.56e-03  [0.00e+00]  [0.00e+00]
 Chi^2 = 3327.66098,  ndof = 9993
 Chi^2/nu = 0.333 

-----------------------------------------------------------------------------
-----------------------------------------------------------------------------

Input image     : /home/joao/AutoLensFit/simulations/fits_files/i/4122.fits[1:100,1:100] 
Init. par. file : ./4122/galfit.feedme 
Restart file    : galfit.31 
Output image    : ./4122/galfit_image.fits 

 sersic    : (   50.57,    50.45)   15.68     64.07    3.01   [1.00]   33.50
             (    0.03,     0.03)    0.09      6.58    0.12   [0.00] 200340.73
 sky       : [ 50.50,  50.50]  -3.65e-01  [0.00e+00]  [0.00e+00]
                                2.37e-02  [0.00e+00]  [0.00e+00]
 Chi^2 = 9277.38518,  ndof = 9993
 Chi^2/nu = 0.928 

-----------------------------------------------------------------------------
-----------------------------------------------------------------------------

Input image     : /home/joao/AutoLensFit/simulations/fits_files/i/30.fits[1:100,1:100] 
Init. par. file : ./30/galfit.feedme 
Restart file    : galfit.32 
Output image    : ./30/galfit_image.fits 

 sersic    : (   46.95,    53.55)   15.96     18.55    0.14   [1.00]    5.38
             (    0.15,     0.16)    0.01      0.10    0.01   [0.00] 349137.69
 sky       : [ 50.50,  50.50]  7.80e-01  [0.00e+00]  [0.00e+00]
                                4.17e-02  [0.00e+00]  [0.00e+00]
 Chi^2 = 52312.51572,  ndof = 9993
 Chi^2/nu = 5.235 

-----------------------------------------------------------------------------
-----------------------------------------------------------------------------

Input image     : /home/joao/AutoLensFit/simulations/fits_files/i/66.fits[1:100,1:100] 
Init. par. file : ./66/galfit.feedme 
Restart file    : galfit.33 
Output image    : ./66/galfit_image.fits 

 sersic    : (   50.39,    50.49)   16.46     33.81    3.07   [1.00]   71.22
             (    0.02,     0.01)    0.03      1.38    0.06   [0.00] 141889.47
 sky       : [ 50.50,  50.50]  -8.14e-02  [0.00e+00]  [0.00e+00]
                                7.87e-03  [0.00e+00]  [0.00e+00]
 Chi^2 = 3738.18338,  ndof = 9993
 Chi^2/nu = 0.374 

-----------------------------------------------------------------------------
-----------------------------------------------------------------------------

Input image     : /home/joao/AutoLensFit/simulations/fits_files/i/839.fits[1:100,1:100] 
Init. par. file : ./839/galfit.feedme 
Restart file    : galfit.34 
Output image    : ./839/galfit_image.fits 

 sersic    : (   50.78,    49.03)   16.70      7.88    0.59   [1.00]   36.62
             (    0.05,     0.04)    0.01      0.03    0.01   [0.00] 216227.94
 sky       : [ 50.50,  50.50]  2.70e-01  [0.00e+00]  [0.00e+00]
                                5.14e-03  [0.00e+00]  [0.00e+00]
 Chi^2 = 25076.15470,  ndof = 9993
 Chi^2/nu = 2.509 

-----------------------------------------------------------------------------
-----------------------------------------------------------------------------

Input image     : /home/joao/AutoLensFit/simulations/fits_files/i/3774.fits[1:100,1:100] 
Init. par. file : ./3774/galfit.feedme 
Restart file    : galfit.35 
Output image    : ./3774/galfit_image.fits 

 sersic    : (   50.39,    50.57)   17.33     12.15    0.32   [1.00]   78.50
             (    0.05,     0.06)    0.01      0.04    0.00   [0.00] 175362.41
 sky       : [ 50.50,  50.50]  1.38e-01  [0.00e+00]  [0.00e+00]
                                2.37e-03  [0.00e+00]  [0.00e+00]
 Chi^2 = 13103.66290,  ndof = 9993
 Chi^2/nu = 1.311 

-----------------------------------------------------------------------------
-----------------------------------------------------------------------------

Input image     : /home/joao/AutoLensFit/simulations/fits_files/i/4636.fits[1:100,1:100] 
Init. par. file : ./4636/galfit.feedme 
Restart file    : galfit.36 
Output image    : ./4636/galfit_image.fits 

 sersic    : (   50.09,    48.51)   15.23      9.69    0.88   [1.00]  -22.06
             (    0.03,     0.03)    0.00      0.06    0.01   [0.00] 211685.69
 sky       : [ 50.50,  50.50]     1.35  [0.00e+00]  [0.00e+00]
                                  0.03  [0.00e+00]  [0.00e+00]
 Chi^2 = 42817.30668,  ndof = 9993
 Chi^2/nu = 4.285 

-----------------------------------------------------------------------------
-----------------------------------------------------------------------------

Input image     : /home/joao/AutoLensFit/simulations/fits_files/i/3162.fits[1:100,1:100] 
Init. par. file : ./3162/galfit.feedme 
Restart file    : galfit.37 
Output image    : ./3162/galfit_image.fits 

 sersic    : (   51.34,    53.29)   15.15     18.60    0.16   [1.00]  -34.14
             (    0.10,     0.10)    0.01      0.05    0.00   [0.00] 217182.83
 sky       : [ 50.50,  50.50]     1.81  [0.00e+00]  [0.00e+00]
                                  0.04  [0.00e+00]  [0.00e+00]
 Chi^2 = 15753.93433,  ndof = 9993
 Chi^2/nu = 1.576 

-----------------------------------------------------------------------------
-----------------------------------------------------------------------------

Input image     : /home/joao/AutoLensFit/simulations/fits_files/i/2660.fits[1:100,1:100] 
Init. par. file : ./2660/galfit.feedme 
Restart file    : galfit.38 
Output image    : ./2660/galfit_image.fits 

 sersic    : (   50.44,    49.85)   16.73     15.36    0.29   [1.00]   65.31
             (    0.05,     0.05)    0.00      0.04    0.00   [0.00] 161490.33
 sky       : [ 50.50,  50.50]  3.77e-01  [0.00e+00]  [0.00e+00]
                                5.29e-03  [0.00e+00]  [0.00e+00]
 Chi^2 = 11902.70153,  ndof = 9993
 Chi^2/nu = 1.191 

-----------------------------------------------------------------------------
